<?xml version="1.0" encoding="UTF-8"?>
<testsuite xmlns:xsi="http://www.w3.org/2001/XMLSchema-instance" xsi:noNamespaceSchemaLocation="https://maven.apache.org/surefire/maven-surefire-plugin/xsd/surefire-test-report-3.0.xsd" version="3.0" name="com.mihir.AppTest" time="0.035" tests="1" errors="0" skipped="0" failures="0">
  <properties>
    <property name="java.specification.version" value="17"/>
    <property name="sun.cpu.isalist" value="amd64"/>
    <property name="sun.jnu.encoding" value="Cp1252"/>
    <property name="java.class.path" value="D:\DJ\Semester 6\Devops\MavenDevops\MihirHelloWorld\target\test-classes;D:\DJ\Semester 6\Devops\MavenDevops\MihirHelloWorld\target\classes;C:\Users\Mihir\.m2\repository\junit\junit\3.8.1\junit-3.8.1.jar;"/>
    <property name="java.vm.vendor" value="Oracle Corporation"/>
    <property name="sun.arch.data.model" value="64"/>
    <property name="user.variant" value=""/>
    <property name="java.vendor.url" value="https://java.oracle.com/"/>
    <property name="user.timezone" value="Asia/Calcutta"/>
    <property name="os.name" value="Windows 11"/>
    <property name="java.vm.specification.version" value="17"/>
    <property name="sun.java.launcher" value="SUN_STANDARD"/>
    <property name="user.country" value="IN"/>
    <property name="sun.boot.library.path" value="C:\Program Files\Java\jdk-17\bin"/>
    <property name="sun.java.command" value="C:\Users\Mihir\AppData\Local\Temp\surefire6618276303768086673\surefirebooter-20250215114424902_3.jar C:\Users\Mihir\AppData\Local\Temp\surefire6618276303768086673 2025-02-15T11-44-24_418-jvmRun1 surefire-20250215114424902_1tmp surefire_0-20250215114424902_2tmp"/>
    <property name="jdk.debug" value="release"/>
    <property name="surefire.test.class.path" value="D:\DJ\Semester 6\Devops\MavenDevops\MihirHelloWorld\target\test-classes;D:\DJ\Semester 6\Devops\MavenDevops\MihirHelloWorld\target\classes;C:\Users\Mihir\.m2\repository\junit\junit\3.8.1\junit-3.8.1.jar;"/>
    <property name="sun.cpu.endian" value="little"/>
    <property name="user.home" value="C:\Users\Mihir"/>
    <property name="user.language" value="en"/>
    <property name="java.specification.vendor" value="Oracle Corporation"/>
    <property name="java.version.date" value="2024-07-16"/>
    <property name="java.home" value="C:\Program Files\Java\jdk-17"/>
    <property name="file.separator" value="\"/>
    <property name="basedir" value="D:\DJ\Semester 6\Devops\MavenDevops\MihirHelloWorld"/>
    <property name="java.vm.compressedOopsMode" value="32-bit"/>
    <property name="line.separator" value="&#10;"/>
    <property name="java.vm.specification.vendor" value="Oracle Corporation"/>
    <property name="java.specification.name" value="Java Platform API Specification"/>
    <property name="surefire.real.class.path" value="C:\Users\Mihir\AppData\Local\Temp\surefire6618276303768086673\surefirebooter-20250215114424902_3.jar"/>
    <property name="user.script" value=""/>
    <property name="sun.management.compiler" value="HotSpot 64-Bit Tiered Compilers"/>
    <property name="java.runtime.version" value="17.0.12+8-LTS-286"/>
    <property name="user.name" value="Mihir"/>
    <property name="path.separator" value=";"/>
    <property name="os.version" value="10.0"/>
    <property name="java.runtime.name" value="Java(TM) SE Runtime Environment"/>
    <property name="file.encoding" value="Cp1252"/>
    <property name="java.vm.name" value="Java HotSpot(TM) 64-Bit Server VM"/>
    <property name="localRepository" value="C:\Users\Mihir\.m2\repository"/>
    <property name="java.vendor.url.bug" value="https://bugreport.java.com/bugreport/"/>
    <property name="java.io.tmpdir" value="C:\Users\Mihir\AppData\Local\Temp\"/>
    <property name="java.version" value="17.0.12"/>
    <property name="user.dir" value="D:\DJ\Semester 6\Devops\MavenDevops\MihirHelloWorld"/>
    <property name="os.arch" value="amd64"/>
    <property name="java.vm.specification.name" value="Java Virtual Machine Specification"/>
    <property name="sun.os.patch.level" value=""/>
    <property name="native.encoding" value="Cp1252"/>
    <property name="java.library.path" value="C:\Program Files\Java\jdk-17\bin;C:\WINDOWS\Sun\Java\bin;C:\WINDOWS\system32;C:\WINDOWS;C:\Program Files\Common Files\Oracle\Java\javapath;C:\Program Files (x86)\Common Files\Oracle\Java\javapath;C:\Program Files\Python310\Scripts\;C:\Program Files\Python310\;C:\WINDOWS\system32;C:\WINDOWS;C:\WINDOWS\System32\Wbem;C:\WINDOWS\System32\WindowsPowerShell\v1.0\;C:\WINDOWS\System32\OpenSSH\;C:\TDM-GCC-32\bin;C:\Program Files\Go\bin;C:\ProgramData\chocolatey\bin;C:\Program Files\R\R-4.2.1\bin;C:\Program Files\Git\cmd;D:\Mihir\Internships\SkillVista\Redis;C:\xampp\php;C:\Program Files\Git LFS;C:\Program Files\Amazon\AWSCLIV2\;C:\Program Files\Docker\Docker\resources\bin;C:\Program Files\nodejs\;D:\Programs\apache-maven-3.9.9\bin;C:\Program Files\Java\jdk-17\bin;C:\Users\Mihir\AppData\Local\Programs\Python\Python313\Scripts\;C:\Users\Mihir\AppData\Local\Programs\Python\Python313\;C:\Users\Mihir\.local\share\solana\install\active_release\bin;C:\Users\Mihir\.cargo\bin;C:\Users\Mihir\AppData\Local\Microsoft\WindowsApps;C:\src\Flutter\flutter\bin;C:\Users\Mihir\go\bin;C:\Program Files\JetBrains\PyCharm 2022.1.4\bin;C:\Program Files\JetBrains\PyCharm Community Edition 2021.3.2\bin;C:\Users\Mihir\AppData\Local\GitHubDesktop\bin;C:\Users\Mihir\AppData\Local\Programs\MiKTeX\miktex\bin\x64\;C:\Program Files\CodeBlocks\MinGW\bin;C:\Users\Mihir\AppData\Roaming\nvm;C:\Program Files\nodejs;C:\ProgramData\Mihir\atom\bin;C:\Users\Mihir\AppData\Local\Android\Sdk\cmdline-tools\latest\bin;C:\Users\Mihir\AppData\Local\JetBrains\Toolbox\scripts;C:\Users\Mihir\.avm\bin;C:\Users\Mihir\AppData\Local\Pub\Cache\bin;C:\Users\Mihir\AppData\Roaming\npm;C:\Users\Mihir\AppData\Local\Programs\Microsoft VS Code\bin;C:\Users\Mihir\.fly\bin;C:\Users\Mihir\AppData\Local\Programs\Ollama;C:\Terraform;D:\Anaconda;D:\Anaconda\condabin;D:\Anaconda\envs\infiheal;C:\ProgramData\mingw64\mingw64\bin;;C:\Users\Mihir\AppData\Local\Microsoft\WindowsApps;c:\Users\Mihir\AppData\Roaming\Code\User\globalStorage\github.copilot-chat\debugCommand;."/>
    <property name="java.vm.info" value="mixed mode, sharing"/>
    <property name="java.vendor" value="Oracle Corporation"/>
    <property name="java.vm.version" value="17.0.12+8-LTS-286"/>
    <property name="sun.io.unicode.encoding" value="UnicodeLittle"/>
    <property name="java.class.version" value="61.0"/>
  </properties>
  <testcase name="testApp" classname="com.mihir.AppTest" time="0.007"/>
</testsuite>